Removed Pin From Net: NetName=P_C3.3V Pin=C1-1
Removed Pin From Net: NetName=OUT1 Pin=C11-1
Removed Pin From Net: NetName=NetC10_2 Pin=C11-2
Removed Pin From Net: NetName=V0.58 Pin=C12-1
Removed Pin From Net: NetName=GND Pin=C12-2
Removed Pin From Net: NetName=GND Pin=C15-1
Removed Pin From Net: NetName=NetC6_1 Pin=C15-2
Removed Pin From Net: NetName=NetC19_1 Pin=C16-1
Removed Pin From Net: NetName=GND Pin=C16-2
Removed Pin From Net: NetName=NetC21_1 Pin=C17-1
Removed Pin From Net: NetName=NetC21_2 Pin=C17-2
Removed Pin From Net: NetName=GND Pin=C18-1
Removed Pin From Net: NetName=EVCC Pin=C18-2
Removed Pin From Net: NetName=NetC14_1 Pin=C19-1
Removed Pin From Net: NetName=GND Pin=C19-2
Removed Pin From Net: NetName=SWCLK Pin=J12-1
Removed Pin From Net: NetName=SWDIO Pin=J12-3
Removed Pin From Net: NetName=GND Pin=U4-41
Removed Member From Class: ClassName=KRing Member=C12
Change Component Comment : Designator=C12 Old Comment=1uf New Comment=6.8pF
Change Component Comment : Designator=C16 Old Comment=1uf New Comment=10uf
Change Component Comment : Designator=C17 Old Comment=1uf New Comment=10uf
Change Component Comment : Designator=C11 Old Comment=6.8pF New Comment=0.15uf
Change Component Comment : Designator=C2 Old Comment=10uf New Comment=1uf
Change Component Comment : Designator=C15 Old Comment=10uf New Comment=1uf
Change Component Comment : Designator=C19 Old Comment=10uf New Comment=1uf
Change Component Designator: OldDesignator=C2 NewDesignator=C18
Change Component Designator: OldDesignator=C11 NewDesignator=C10
Change Component Designator: OldDesignator=C12 NewDesignator=C11
Change Component Designator: OldDesignator=C16 NewDesignator=C15
Change Component Designator: OldDesignator=C17 NewDesignator=C16
Change Component Designator: OldDesignator=C18 NewDesignator=C16
Change Component Designator: OldDesignator=C19 NewDesignator=C17
Change Component Designator: OldDesignator=J12 NewDesignator=J13
Added Pin To Net: NetName=EVCC Pin=C1-2
Added Pin To Net: NetName=NetC14_1 Pin=C10-1
Added Pin To Net: NetName=GND Pin=C10-2
Added Pin To Net: NetName=OUT1 Pin=C11-1
Added Pin To Net: NetName=NetC10_2 Pin=C11-2
Added Pin To Net: NetName=GND Pin=C15-1
Added Pin To Net: NetName=V0.58 Pin=C15-1
Added Pin To Net: NetName=GND Pin=C15-2
Added Pin To Net: NetName=NetC6_1 Pin=C15-2
Added Pin To Net: NetName=NetC19_1 Pin=C16-1
Added Pin To Net: NetName=P_C3.3V Pin=C16-1
Added Pin To Net: NetName=GND Pin=C16-2
Added Pin To Net: NetName=GND Pin=C16-2
Added Pin To Net: NetName=NetC21_1 Pin=C17-1
Added Pin To Net: NetName=NetC21_2 Pin=C17-2
Change Net Name : Old Net Name=NetC5_2 New Net Name=NetC4_2
Change Net Name : Old Net Name=NetC6_1 New Net Name=NetC15_2
Change Net Name : Old Net Name=NetC6_2 New Net Name=NetC21_2
Change Net Name : Old Net Name=NetC10_2 New Net Name=NetC11_2
Change Net Name : Old Net Name=NetC12_2 New Net Name=NetC8_2
Change Net Name : Old Net Name=NetC13_1 New Net Name=NetC10_1
Change Net Name : Old Net Name=NetC14_1 New Net Name=NetC10_1
Change Net Name : Old Net Name=NetC19_1 New Net Name=NetC16_1
Change Net Name : Old Net Name=NetC21_1 New Net Name=NetC17_1
Change Net Name : Old Net Name=NetC21_2 New Net Name=NetC17_2
Change Net Name : Old Net Name=NetL2_1 New Net Name=NetL4_1
Change Net Name : Old Net Name=NetR3_2 New Net Name=NetR14_2
Change Net Name : Old Net Name=NetU6_11 New Net Name=NetU4_11
Change Net Name : Old Net Name=NetU6_12 New Net Name=NetU4_12
Change Net Name : Old Net Name=NetU6_29 New Net Name=NetU4_29
Change Net Name : Old Net Name=NetU6_30 New Net Name=NetU4_30
Added Member To Class: ClassName=KRing Member=Component C3 1uf
Added Member To Class: ClassName=KRing Member=Component C6 0.1uf
Added Member To Class: ClassName=KRing Member=Component C9 10uf
Added Member To Class: ClassName=KRing Member=Component C20 1uf
Added Member To Class: ClassName=KRing Member=Component J5 CON1
Added Member To Class: ClassName=KRing Member=Component R2 10K
Added Member To Class: ClassName=KRing Member=Component R4 1K
