Removed Pin From Net: NetName=P_C3.3V Pin=C1-1
Removed Pin From Net: NetName=GND Pin=C1-2
Removed Pin From Net: NetName=P_C3.3V Pin=C2-2
Removed Pin From Net: NetName=GND Pin=C3-1
Removed Pin From Net: NetName=P_C3.3V Pin=C3-2
Removed Pin From Net: NetName=GND Pin=C4-1
Removed Pin From Net: NetName=AGND Pin=C5-1
Removed Pin From Net: NetName=VDDA Pin=C5-2
Removed Pin From Net: NetName=GND Pin=C7-1
Removed Pin From Net: NetName=P_C3.3V Pin=C7-2
Removed Pin From Net: NetName=P_3.3V Pin=C9-2
Removed Pin From Net: NetName=OUT1 Pin=C11-1
Removed Pin From Net: NetName=NetC10_2 Pin=C11-2
Removed Pin From Net: NetName=V0.58 Pin=C12-1
Removed Pin From Net: NetName=GND Pin=C13-1
Removed Pin From Net: NetName=P_3.3V Pin=C13-2
Removed Pin From Net: NetName=P_3.3V Pin=C14-2
Removed Pin From Net: NetName=GND Pin=C15-1
Removed Pin From Net: NetName=NetC6_1 Pin=C15-2
Removed Pin From Net: NetName=NetC19_1 Pin=C16-1
Removed Pin From Net: NetName=GND Pin=C16-2
Removed Pin From Net: NetName=GND Pin=C18-1
Removed Pin From Net: NetName=EVCC Pin=C18-2
Removed Pin From Net: NetName=NetC14_1 Pin=C19-1
Removed Pin From Net: NetName=GND Pin=C19-2
Removed Pin From Net: NetName=NetC19_1 Pin=C20-1
Removed Pin From Net: NetName=GND Pin=C20-2
Removed Pin From Net: NetName=NSWCLK Pin=J10-1
Removed Pin From Net: NetName=NSWDIO Pin=J10-3
Removed Pin From Net: NetName=P_C3.3V Pin=J10-4
Removed Pin From Net: NetName=SWCLK Pin=J12-1
Removed Pin From Net: NetName=SWDIO Pin=J12-3
Removed Pin From Net: NetName=P_3.3V Pin=J12-4
Removed Pin From Net: NetName=NetNPN1_1 Pin=R4-1
Removed Pin From Net: NetName=C_MOTOR Pin=R4-2
Removed Pin From Net: NetName=GND Pin=R12-1
Removed Pin From Net: NetName=V0.58 Pin=R12-2
Removed Pin From Net: NetName=GND Pin=U4-41
Change Component Designator: OldDesignator=C1 NewDesignator=C10
Change Component Designator: OldDesignator=C2 NewDesignator=C19
Change Component Designator: OldDesignator=C3 NewDesignator=C4
Change Component Designator: OldDesignator=C4 NewDesignator=C5
Change Component Designator: OldDesignator=C5 NewDesignator=C7
Change Component Designator: OldDesignator=C6 NewDesignator=C21
Change Component Designator: OldDesignator=C7 NewDesignator=C8
Change Component Designator: OldDesignator=C8 NewDesignator=C13
Change Component Designator: OldDesignator=C9 NewDesignator=C6
Change Component Designator: OldDesignator=C10 NewDesignator=C11
Change Component Designator: OldDesignator=C11 NewDesignator=C9
Change Component Designator: OldDesignator=C13 NewDesignator=C14
Change Component Designator: OldDesignator=C14 NewDesignator=C1
Change Component Designator: OldDesignator=C15 NewDesignator=C16
Change Component Designator: OldDesignator=C16 NewDesignator=C15
Change Component Designator: OldDesignator=C17 NewDesignator=C2
Change Component Designator: OldDesignator=C18 NewDesignator=C20
Change Component Designator: OldDesignator=C19 NewDesignator=C18
Change Component Designator: OldDesignator=C20 NewDesignator=C3
Change Component Designator: OldDesignator=C21 NewDesignator=C17
Change Component Designator: OldDesignator=J1 NewDesignator=J10
Change Component Designator: OldDesignator=J2 NewDesignator=J11
Change Component Designator: OldDesignator=J3 NewDesignator=J13
Change Component Designator: OldDesignator=J4 NewDesignator=J2
Change Component Designator: OldDesignator=J5 NewDesignator=J12
Change Component Designator: OldDesignator=J6 NewDesignator=J3
Change Component Designator: OldDesignator=J7 NewDesignator=J4
Change Component Designator: OldDesignator=J8 NewDesignator=J6
Change Component Designator: OldDesignator=J9 NewDesignator=J3
Change Component Designator: OldDesignator=J10 NewDesignator=J7
Change Component Designator: OldDesignator=J11 NewDesignator=J1
Change Component Designator: OldDesignator=J12 NewDesignator=J9
Change Component Designator: OldDesignator=J13 NewDesignator=J8
Change Component Designator: OldDesignator=L2 NewDesignator=L3
Change Component Designator: OldDesignator=L3 NewDesignator=L4
Change Component Designator: OldDesignator=L4 NewDesignator=L3
Change Component Designator: OldDesignator=R1 NewDesignator=R11
Change Component Designator: OldDesignator=R2 NewDesignator=R7
Change Component Designator: OldDesignator=R3 NewDesignator=R14
Change Component Designator: OldDesignator=R4 NewDesignator=R8
Change Component Designator: OldDesignator=R5 NewDesignator=R15
Change Component Designator: OldDesignator=R6 NewDesignator=R13
Change Component Designator: OldDesignator=R7 NewDesignator=R16
Change Component Designator: OldDesignator=R8 NewDesignator=R17
Change Component Designator: OldDesignator=R9 NewDesignator=R12
Change Component Designator: OldDesignator=R11 NewDesignator=R6
Change Component Designator: OldDesignator=R12 NewDesignator=R3
Change Component Designator: OldDesignator=R15 NewDesignator=R5
Change Component Designator: OldDesignator=R16 NewDesignator=R9
Change Component Designator: OldDesignator=U1 NewDesignator=U5
Change Component Designator: OldDesignator=U2 NewDesignator=U1
Change Component Designator: OldDesignator=U3 NewDesignator=U6
Change Component Designator: OldDesignator=U4 NewDesignator=U2
Change Component Designator: OldDesignator=U5 NewDesignator=U3
Change Component Designator: OldDesignator=U6 NewDesignator=U4
Added Pin To Net: NetName=V0.58 Pin=C1-1
Added Pin To Net: NetName=GND Pin=C2-1
Added Pin To Net: NetName=NetC19_1 Pin=C2-1
Added Pin To Net: NetName=GND Pin=C3-1
Added Pin To Net: NetName=AGND Pin=C4-1
Added Pin To Net: NetName=VDDA Pin=C4-2
Added Pin To Net: NetName=EVCC Pin=C5-2
Added Pin To Net: NetName=GND Pin=C5-2
Added Pin To Net: NetName=P_C3.3V Pin=C6-2
Added Pin To Net: NetName=GND Pin=C7-1
Added Pin To Net: NetName=P_C3.3V Pin=C7-2
Added Pin To Net: NetName=OUT1 Pin=C8-1
Added Pin To Net: NetName=NetC10_2 Pin=C8-2
Added Pin To Net: NetName=NetC14_1 Pin=C9-1
Added Pin To Net: NetName=GND Pin=C9-2
Added Pin To Net: NetName=GND Pin=C10-1
Added Pin To Net: NetName=P_3.3V Pin=C10-2
Added Pin To Net: NetName=NetC6_1 Pin=C12-2
Added Pin To Net: NetName=P_C3.3V Pin=C14-1
Added Pin To Net: NetName=GND Pin=C14-2
Added Pin To Net: NetName=GND Pin=C15-1
Added Pin To Net: NetName=P_C3.3V Pin=C15-2
Added Pin To Net: NetName=GND Pin=C18-1
Added Pin To Net: NetName=P_3.3V Pin=C18-2
Added Pin To Net: NetName=P_3.3V Pin=C19-2
Added Pin To Net: NetName=NetC19_1 Pin=C20-1
Added Pin To Net: NetName=GND Pin=C20-2
Added Pin To Net: NetName=SWCLK Pin=J7-1
Added Pin To Net: NetName=SWDIO Pin=J7-3
Added Pin To Net: NetName=P_3.3V Pin=J7-4
Added Pin To Net: NetName=NSWCLK Pin=J9-1
Added Pin To Net: NetName=NSWDIO Pin=J9-3
Added Pin To Net: NetName=P_C3.3V Pin=J9-4
Added Pin To Net: NetName=NetNPN1_1 Pin=R3-1
Added Pin To Net: NetName=C_MOTOR Pin=R3-2
Added Pin To Net: NetName=GND Pin=R8-1
Added Pin To Net: NetName=V0.58 Pin=R8-2
Change Net Name : Old Net Name=NetC6_1 New Net Name=NetC12_2
Change Net Name : Old Net Name=NetC6_2 New Net Name=NetC17_2
Change Net Name : Old Net Name=NetC10_2 New Net Name=NetC8_2
Change Net Name : Old Net Name=NetC12_2 New Net Name=NetC13_2
Change Net Name : Old Net Name=NetC13_1 New Net Name=NetC11_1
Change Net Name : Old Net Name=NetC14_1 New Net Name=NetC9_1
Change Net Name : Old Net Name=NetC19_1 New Net Name=NetC2_1
Change Net Name : Old Net Name=NetL2_1 New Net Name=NetL3_1
Change Net Name : Old Net Name=NetR3_2 New Net Name=NetR14_2
Change Net Name : Old Net Name=NetU6_11 New Net Name=NetU2_11
Change Net Name : Old Net Name=NetU6_12 New Net Name=NetU2_12
Change Net Name : Old Net Name=NetU6_29 New Net Name=NetU2_29
Change Net Name : Old Net Name=NetU6_30 New Net Name=NetU2_30
Added Pin To Net: NetName=NetC3_2 Pin=C3-2
Added Pin To Net: NetName=NetC3_2 Pin=U5-7
Added Net: Name=NetC3_2
Added Pin To Net: NetName=NetC16_1 Pin=C16-1
Added Pin To Net: NetName=NetC16_1 Pin=L3-2
Added Pin To Net: NetName=NetC16_1 Pin=U2-35
Added Net: Name=NetC16_1
Added Pin To Net: NetName=NetC16_2 Pin=C16-2
Added Pin To Net: NetName=NetC16_2 Pin=L4-2
Added Net: Name=NetC16_2
Added Member To Class: ClassName=KRing Member=Component C3 1uf
Added Member To Class: ClassName=KRing Member=Component C6 10uf
Added Member To Class: ClassName=KRing Member=Component C11 0.15uf
Added Member To Class: ClassName=KRing Member=Component C12 1uf
Added Member To Class: ClassName=KRing Member=Component C16 10uf
Added Member To Class: ClassName=KRing Member=Component C19 10uf
Added Member To Class: ClassName=KRing Member=Component C20 1uf
Added Member To Class: ClassName=KRing Member=Component J8 CON2
Added Member To Class: ClassName=KRing Member=Component J13 CON1
Added Member To Class: ClassName=KRing Member=Component L3 NC
Added Member To Class: ClassName=KRing Member=Component R13 220K
Added Member To Class: ClassName=KRing Member=Component R14 0
Added Member To Class: ClassName=KRing Member=Component R17 3K
