Removed Pin From Net: NetName=GND Pin=C11-1
Removed Pin From Net: NetName=P_3.3V Pin=C11-2
Removed Pin From Net: NetName=GND Pin=C16-1
Removed Pin From Net: NetName=SW_WAKEUP Pin=C16-2
Removed Pin From Net: NetName=GND Pin=C17-1
Removed Pin From Net: NetName=P_3.3V Pin=C17-2
Removed Pin From Net: NetName=GND Pin=C19-2
Removed Pin From Net: NetName=GND Pin=C20-2
Removed Pin From Net: NetName=GND Pin=L3-1
Removed Pin From Net: NetName=GND Pin=L4-1
Removed Pin From Net: NetName=GND Pin=L5-1
Removed Pin From Net: NetName=P_3.3V Pin=U4-3
Removed Pin From Net: NetName=GND Pin=U4-4
Removed Pin From Net: NetName=P_3.3V Pin=U4-7
Removed Pin From Net: NetName=P_3.3V Pin=U4-8
Removed Pin From Net: NetName=DA_TXD Pin=U6-2
Removed Pin From Net: NetName=DA_RXD Pin=U6-3
Removed Pin From Net: NetName=GND Pin=U6-5
Removed Pin From Net: NetName=LASER_STATE Pin=U6-10
Removed Pin From Net: NetName=P_3.3V Pin=U6-14
Removed Pin From Net: NetName=P_3.3V Pin=U6-15
Removed Pin From Net: NetName=GND Pin=U6-16
Removed Pin From Net: NetName=SW_WAKEUP Pin=U6-22
Removed Pin From Net: NetName=GND Pin=U6-23
Removed Pin From Net: NetName=SWDIO Pin=U6-25
Removed Pin From Net: NetName=SWCLK Pin=U6-26
Removed Pin From Net: NetName=CHARGE_STATES Pin=U6-27
Removed Pin From Net: NetName=GND Pin=U6-34
Removed Pin From Net: NetName=GND Pin=U6-41
Removed Pin From Net: NetName=GND Pin=X2-2
Removed Pin From Net: NetName=GND Pin=X2-4
Change Component DesignItemId : Designator=U6 Old DesignItemId=DA14580-01AT1 New DesignItemId=DA14580_Flash
Change Component Footprint: Designator=U6 Old Footprint=QFN40P500X500X90_HS-41L New Footprint=DA14580_Flash
Change Component Comment : Designator=C16 Old Comment=10uf New Comment=1uf
Change Component Comment : Designator=C17 Old Comment=10uf New Comment=1uf
Change Component Comment : Designator=U6 Old Comment=DA14580-01AT1 New Comment=DA14580_Flash
Added Component: Designator=C16(C0603)
Added Pin To Net: NetName=GND Pin=C16-1
Added Pin To Net: NetName=P_3.3V Pin=C16-1
Added Pin To Net: NetName=GND Pin=C16-2
Added Pin To Net: NetName=SW_WAKEUP Pin=C16-2
Added Pin To Net: NetName=P_3.3V Pin=C17-1
Added Pin To Net: NetName=GND Pin=C17-2
Added Pin To Net: NetName=DA_TXD Pin=U6-7
Added Pin To Net: NetName=DA_RXD Pin=U6-8
Added Pin To Net: NetName=LASER_STATE Pin=U6-9
Added Pin To Net: NetName=SW_WAKEUP Pin=U6-10
Added Pin To Net: NetName=CHARGE_STATES Pin=U6-11
Added Pin To Net: NetName=GND Pin=U6-18
Added Pin To Net: NetName=P_3.3V Pin=U6-20
Added Pin To Net: NetName=GND Pin=U6-21
Added Member To Class: ClassName=KRing Member=Component BF1 BF
Added Member To Class: ClassName=KRing Member=Component C1 1uf
Added Member To Class: ClassName=KRing Member=Component C2 0.1uf
Added Member To Class: ClassName=KRing Member=Component C3 1uf
Added Member To Class: ClassName=KRing Member=Component C4 1uf
Added Member To Class: ClassName=KRing Member=Component C5 1uf
Added Member To Class: ClassName=KRing Member=Component C6 22pf
Added Member To Class: ClassName=KRing Member=Component C7 10uf
Added Member To Class: ClassName=KRing Member=Component C8 1uf
Added Member To Class: ClassName=KRing Member=Component C9 1uf
Added Member To Class: ClassName=KRing Member=Component C10 6.8pF
Added Member To Class: ClassName=KRing Member=Component C12 240pF
Added Member To Class: ClassName=KRing Member=Component C13 0.15uf
Added Member To Class: ClassName=KRing Member=Component C14 10uf
Added Member To Class: ClassName=KRing Member=Component C15 1uf
Added Member To Class: ClassName=KRing Member=Component C16 10uf
Added Member To Class: ClassName=KRing Member=Component C17 1uf
Added Member To Class: ClassName=KRing Member=Component C18 10uf
Added Member To Class: ClassName=KRing Member=Component D1 1N5817
Added Member To Class: ClassName=KRing Member=Component D2 1N5817
Added Member To Class: ClassName=KRing Member=Component J1 CON2
Added Member To Class: ClassName=KRing Member=Component J2 CON4
Added Member To Class: ClassName=KRing Member=Component J4 CON3
Added Member To Class: ClassName=KRing Member=Component J5 CON4
Added Member To Class: ClassName=KRing Member=Component J6 CON1
Added Member To Class: ClassName=KRing Member=Component J7 CON1
Added Member To Class: ClassName=KRing Member=Component J8 CON1
Added Member To Class: ClassName=KRing Member=Component J9 CON1
Added Member To Class: ClassName=KRing Member=Component J10 CON1
Added Member To Class: ClassName=KRing Member=Component J11 CON1
Added Member To Class: ClassName=KRing Member=Component J12 CON1
Added Member To Class: ClassName=KRing Member=Component J13 CON1
Added Member To Class: ClassName=KRing Member=Component J14 CON1
Added Member To Class: ClassName=KRing Member=Component L1 4.7uh
Added Member To Class: ClassName=KRing Member=Component Laser1 Laser
Added Member To Class: ClassName=KRing Member=Component NPN1 8050
Added Member To Class: ClassName=KRing Member=Component P1 photodetector
Added Member To Class: ClassName=KRing Member=Component PM1 Si2303
Added Member To Class: ClassName=KRing Member=Component PM2 Si2303
Added Member To Class: ClassName=KRing Member=Component PNP1 8550
Added Member To Class: ClassName=KRing Member=Component R2 100K
Added Member To Class: ClassName=KRing Member=Component R3 20K
Added Member To Class: ClassName=KRing Member=Component R4 0
Added Member To Class: ClassName=KRing Member=Component R5 1M
Added Member To Class: ClassName=KRing Member=Component R6 50R
Added Member To Class: ClassName=KRing Member=Component R7 120K
Added Member To Class: ClassName=KRing Member=Component R8 27K
Added Member To Class: ClassName=KRing Member=Component R10 10M
Added Member To Class: ClassName=KRing Member=Component R11 220K
Added Member To Class: ClassName=KRing Member=Component R12 3K
Added Member To Class: ClassName=KRing Member=Component R15 2M
Added Member To Class: ClassName=KRing Member=Component R16 510
Added Member To Class: ClassName=KRing Member=Component R18 10K
Added Member To Class: ClassName=KRing Member=Component R21 1K
Added Member To Class: ClassName=KRing Member=Component R22 1K
Added Member To Class: ClassName=KRing Member=Component S1 SW_Mini
Added Member To Class: ClassName=KRing Member=Component U1 LTC4054
Added Member To Class: ClassName=KRing Member=Component U2 STM32F103C8T6
Added Member To Class: ClassName=KRing Member=Component U3 TPS62260
Added Member To Class: ClassName=KRing Member=Component U5 LMC6482
Added Member To Class: ClassName=KRing Member=Component U6 DA14580_Flash
Added Member To Class: ClassName=KRing Member=Component USB1 MicroUSB
