Removed Pin From Net: NetName=GND Pin=C11-1
Removed Pin From Net: NetName=P_3.3V Pin=C11-2
Removed Pin From Net: NetName=GND Pin=C16-1
Removed Pin From Net: NetName=SW_WAKEUP Pin=C16-2
Removed Pin From Net: NetName=GND Pin=C17-1
Removed Pin From Net: NetName=P_3.3V Pin=C17-2
Removed Pin From Net: NetName=GND Pin=C19-2
Removed Pin From Net: NetName=GND Pin=C20-2
Removed Pin From Net: NetName=GND Pin=L3-1
Removed Pin From Net: NetName=GND Pin=L4-1
Removed Pin From Net: NetName=GND Pin=L5-1
Removed Pin From Net: NetName=GND Pin=S1-1
Removed Pin From Net: NetName=SW_WAKEUP Pin=S1-2
Removed Pin From Net: NetName=P_3.3V Pin=U4-3
Removed Pin From Net: NetName=GND Pin=U4-4
Removed Pin From Net: NetName=P_3.3V Pin=U4-7
Removed Pin From Net: NetName=P_3.3V Pin=U4-8
Removed Pin From Net: NetName=DA_TXD Pin=U6-2
Removed Pin From Net: NetName=DA_RXD Pin=U6-3
Removed Pin From Net: NetName=GND Pin=U6-5
Removed Pin From Net: NetName=LASER_STATE Pin=U6-10
Removed Pin From Net: NetName=P_3.3V Pin=U6-14
Removed Pin From Net: NetName=P_3.3V Pin=U6-15
Removed Pin From Net: NetName=GND Pin=U6-16
Removed Pin From Net: NetName=SW_WAKEUP Pin=U6-22
Removed Pin From Net: NetName=GND Pin=U6-23
Removed Pin From Net: NetName=SWDIO Pin=U6-25
Removed Pin From Net: NetName=SWCLK Pin=U6-26
Removed Pin From Net: NetName=CHARGE_STATES Pin=U6-27
Removed Pin From Net: NetName=GND Pin=U6-34
Removed Pin From Net: NetName=GND Pin=U6-41
Removed Pin From Net: NetName=GND Pin=X2-2
Removed Pin From Net: NetName=GND Pin=X2-4
Change Component DesignItemId : Designator=U6 Old DesignItemId=DA14580-01AT1 New DesignItemId=DA14580_Flash
Change Component Footprint: Designator=U6 Old Footprint=QFN40P500X500X90_HS-41L New Footprint=DA14580_Flash
Change Component Comment : Designator=C16 Old Comment=10uf New Comment=1uf
Change Component Comment : Designator=C17 Old Comment=10uf New Comment=1uf
Change Component Comment : Designator=U6 Old Comment=DA14580-01AT1 New Comment=DA14580_Flash
Added Pin To Net: NetName=P_3.3V Pin=C16-1
Added Pin To Net: NetName=GND Pin=C16-2
Added Pin To Net: NetName=P_3.3V Pin=C17-1
Added Pin To Net: NetName=GND Pin=C17-2
Added Pin To Net: NetName=DA_TXD Pin=U6-7
Added Pin To Net: NetName=DA_RXD Pin=U6-8
Added Pin To Net: NetName=LASER_STATE Pin=U6-9
Added Pin To Net: NetName=SW_WAKEUP Pin=U6-10
Added Pin To Net: NetName=CHARGE_STATES Pin=U6-11
Added Pin To Net: NetName=GND Pin=U6-18
Added Pin To Net: NetName=P_3.3V Pin=U6-20
Added Pin To Net: NetName=GND Pin=U6-21
Added Class: Name=KRing
