Removed Pin From Net: NetName=GND Pin=C17-2
Removed Pin From Net: NetName=DEBUG_LED Pin=LED2-C
Removed Pin From Net: NetName=DEBUG_LED2 Pin=LED3-C
Removed Pin From Net: NetName=F_CS Pin=R9-1
Removed Pin From Net: NetName=P_3.3V Pin=R9-2
Removed Pin From Net: NetName=GND Pin=R13-1
Removed Pin From Net: NetName=F_CLK Pin=R13-2
Removed Pin From Net: NetName=GND Pin=R14-1
Removed Pin From Net: NetName=F_MOSI Pin=R14-2
Removed Pin From Net: NetName=P_3.3V Pin=R17-2
Removed Pin From Net: NetName=P_3.3V Pin=R19-1
Removed Pin From Net: NetName=P_3.3V Pin=R20-2
Removed Pin From Net: NetName=GND Pin=R23-1
Removed Pin From Net: NetName=NetC21_1 Pin=R23-2
Removed Pin From Net: NetName=GND Pin=R24-1
Removed Pin From Net: NetName=NetC21_2 Pin=R24-2
Removed Pin From Net: NetName=NetC21_2 Pin=RF1-1
Removed Pin From Net: NetName=GND Pin=U4-9
Removed Pin From Net: NetName=GND Pin=U6-41
Removed Pin From Net: NetName=NetU6_12 Pin=X1-1
Removed Pin From Net: NetName=NetU6_11 Pin=X1-2
Removed Pin From Net: NetName=GND Pin=X2-1
Removed Pin From Net: NetName=NetU6_29 Pin=X2-2
Removed Pin From Net: NetName=GND Pin=X2-3
Removed Pin From Net: NetName=NetU6_30 Pin=X2-4
Removed Member From Class: ClassName=KRing Member=C17
Removed Member From Class: ClassName=KRing Member=LED2
Removed Member From Class: ClassName=KRing Member=LED3
Removed Member From Class: ClassName=KRing Member=R9
Removed Member From Class: ClassName=KRing Member=R13
Removed Member From Class: ClassName=KRing Member=R14
Removed Member From Class: ClassName=KRing Member=R17
Removed Member From Class: ClassName=KRing Member=R19
Removed Member From Class: ClassName=KRing Member=R20
Removed Member From Class: ClassName=KRing Member=R23
Removed Member From Class: ClassName=KRing Member=R24
Removed Member From Class: ClassName=KRing Member=RF1
Removed Member From Class: ClassName=KRing Member=X1
Change Component Footprint: Designator=J2 Old Footprint=SOLDER DOT 4 New Footprint=CON4 1mm
Change Component Footprint: Designator=J5 Old Footprint=SOLDER DOT 4 New Footprint=CON4 1mm
Change Component Comment : Designator=L3 Old Comment=1uh New Comment=NC
Added Component: Designator=D2(Diode1206)
Added Component: Designator=L4(L0603)
Added Component: Designator=L5(L0603)
Added Component: Designator=Y1(FC-135)
Added Pin To Net: NetName=NetC9_1 Pin=D2-C
Added Pin To Net: NetName=GND Pin=L4-1
Added Pin To Net: NetName=NetC21_1 Pin=L4-2
Added Pin To Net: NetName=GND Pin=L5-1
Added Pin To Net: NetName=NetC21_2 Pin=L5-2
Added Pin To Net: NetName=NetU6_29 Pin=X2-1
Added Pin To Net: NetName=GND Pin=X2-2
Added Pin To Net: NetName=NetU6_30 Pin=X2-3
Added Pin To Net: NetName=GND Pin=X2-4
Added Pin To Net: NetName=NetU6_12 Pin=Y1-1
Added Pin To Net: NetName=NetU6_11 Pin=Y1-2
Added Member To Class: ClassName=KRing Member=Component D2 1N5817
Added Member To Class: ClassName=KRing Member=Component L4 NC
Added Member To Class: ClassName=KRing Member=Component L5 NC
Added Member To Class: ClassName=KRing Member=Component Y1 FC-135
Added Room: Name=KRing
