Added Component: Designator=BF1(R0603)
Added Component: Designator=C1(C0603)
Added Component: Designator=C2(C0603)
Added Component: Designator=C3(C0603)
Added Component: Designator=C4(C0603)
Added Component: Designator=C5(C0603)
Added Component: Designator=C6(C0603)
Added Component: Designator=C7(C0603)
Added Component: Designator=C8(C0603)
Added Component: Designator=C9(C0603)
Added Component: Designator=C10(C0603)
Added Component: Designator=C11(C0603)
Added Component: Designator=C12(C0603)
Added Component: Designator=C13(C0603)
Added Component: Designator=C15(C0603)
Added Component: Designator=C16(C0603)
Added Component: Designator=C18(PolarC1206)
Added Component: Designator=C19(C0603)
Added Component: Designator=C20(C0603)
Added Component: Designator=C21(C0603)
Added Component: Designator=D1(SOD323(0805))
Added Component: Designator=D2(SOD323(0805))
Added Component: Designator=J1(Battry_Connector)
Added Component: Designator=J2(CON4 1mm)
Added Component: Designator=J3(CON1)
Added Component: Designator=J4(Motor Connector)
Added Component: Designator=J5(CON4 1mm)
Added Component: Designator=J6(2.4mm)
Added Component: Designator=J7(2.4mm)
Added Component: Designator=J8(2.4mm)
Added Component: Designator=J9(2.4mm)
Added Component: Designator=J10(2.4mm)
Added Component: Designator=J11(2.4mm)
Added Component: Designator=J12(0.5mm)
Added Component: Designator=J13(0.5mm)
Added Component: Designator=J14(6.5mm)
Added Component: Designator=L1(GDNR3012)
Added Component: Designator=L2(L0603)
Added Component: Designator=L3(L0603)
Added Component: Designator=L4(L0603)
Added Component: Designator=L5(L0603)
Added Component: Designator=Laser1(Laser)
Added Component: Designator=LED1(LED0603)
Added Component: Designator=NPN1(SOT23-3)
Added Component: Designator=P1(BPW34)
Added Component: Designator=PM1(SOT23-3)
Added Component: Designator=PM2(SOT23-3)
Added Component: Designator=PNP1(SOT23-3)
Added Component: Designator=R1(R0603)
Added Component: Designator=R2(R0603)
Added Component: Designator=R3(R0603)
Added Component: Designator=R4(R0603)
Added Component: Designator=R5(R0603)
Added Component: Designator=R6(R0603)
Added Component: Designator=R7(R0603)
Added Component: Designator=R8(R0603)
Added Component: Designator=R10(R0603)
Added Component: Designator=R11(R0603)
Added Component: Designator=R12(R0603)
Added Component: Designator=R15(R0603)
Added Component: Designator=R16(R0603)
Added Component: Designator=R18(R0603)
Added Component: Designator=R21(R0603)
Added Component: Designator=R22(R0603)
Added Component: Designator=S1(SW_Mini)
Added Component: Designator=U1(LTC4054)
Added Component: Designator=U2(TSQFP50P900X900X160-48L)
Added Component: Designator=U3(QFN2x2-6)
Added Component: Designator=U4(SOIC8)
Added Component: Designator=U5(LMC6482)
Added Component: Designator=U6(QFN40P500X500X90_HS-41L)
Added Component: Designator=USB1(MicroUSB)
Added Component: Designator=X2(3225)
Added Component: Designator=Y1(FC-135)
Added Pin To Net: NetName=AGND Pin=C1-1
Added Pin To Net: NetName=AGND Pin=C2-1
Added Pin To Net: NetName=AGND Pin=R4-2
Added Pin To Net: NetName=AGND Pin=U2-8
Added Net: Name=AGND
Added Pin To Net: NetName=C_LASER Pin=R21-2
Added Pin To Net: NetName=C_LASER Pin=U2-21
Added Net: Name=C_LASER
Added Pin To Net: NetName=C_MOTOR Pin=R22-2
Added Pin To Net: NetName=C_MOTOR Pin=U2-22
Added Net: Name=C_MOTOR
Added Pin To Net: NetName=CHARGE_STATES Pin=U1-1
Added Pin To Net: NetName=CHARGE_STATES Pin=U6-27
Added Net: Name=CHARGE_STATES
Added Pin To Net: NetName=DA_RXD Pin=U2-30
Added Pin To Net: NetName=DA_RXD Pin=U6-3
Added Net: Name=DA_RXD
Added Pin To Net: NetName=DA_TXD Pin=U2-31
Added Pin To Net: NetName=DA_TXD Pin=U6-2
Added Net: Name=DA_TXD
Added Pin To Net: NetName=DEBUG_LED2 Pin=U6-24
Added Net: Name=DEBUG_LED2
Added Pin To Net: NetName=DEBUG_LED Pin=U6-22
Added Net: Name=DEBUG_LED
Added Pin To Net: NetName=EVCC Pin=R1-2
Added Pin To Net: NetName=EVCC Pin=U1-4
Added Pin To Net: NetName=EVCC Pin=USB1-1
Added Net: Name=EVCC
Added Pin To Net: NetName=F_CLK Pin=U4-6
Added Pin To Net: NetName=F_CLK Pin=U6-1
Added Net: Name=F_CLK
Added Pin To Net: NetName=F_CS Pin=U4-1
Added Pin To Net: NetName=F_CS Pin=U6-4
Added Net: Name=F_CS
Added Pin To Net: NetName=F_MISO Pin=U4-2
Added Pin To Net: NetName=F_MISO Pin=U6-7
Added Net: Name=F_MISO
Added Pin To Net: NetName=F_MOSI Pin=U4-5
Added Pin To Net: NetName=F_MOSI Pin=U6-9
Added Net: Name=F_MOSI
Added Pin To Net: NetName=GND Pin=C3-1
Added Pin To Net: NetName=GND Pin=C4-1
Added Pin To Net: NetName=GND Pin=C5-1
Added Pin To Net: NetName=GND Pin=C7-1
Added Pin To Net: NetName=GND Pin=C8-1
Added Pin To Net: NetName=GND Pin=C9-2
Added Pin To Net: NetName=GND Pin=C11-1
Added Pin To Net: NetName=GND Pin=C15-2
Added Pin To Net: NetName=GND Pin=C16-1
Added Pin To Net: NetName=GND Pin=C18-C
Added Pin To Net: NetName=GND Pin=C19-2
Added Pin To Net: NetName=GND Pin=C20-2
Added Pin To Net: NetName=GND Pin=J1-2
Added Pin To Net: NetName=GND Pin=J2-2
Added Pin To Net: NetName=GND Pin=J5-2
Added Pin To Net: NetName=GND Pin=L3-1
Added Pin To Net: NetName=GND Pin=L4-1
Added Pin To Net: NetName=GND Pin=L5-1
Added Pin To Net: NetName=GND Pin=Laser1-2
Added Pin To Net: NetName=GND Pin=LED1-C
Added Pin To Net: NetName=GND Pin=NPN1-2
Added Pin To Net: NetName=GND Pin=R3-1
Added Pin To Net: NetName=GND Pin=R4-1
Added Pin To Net: NetName=GND Pin=R5-2
Added Pin To Net: NetName=GND Pin=R8-2
Added Pin To Net: NetName=GND Pin=R12-1
Added Pin To Net: NetName=GND Pin=R16-1
Added Pin To Net: NetName=GND Pin=S1-1
Added Pin To Net: NetName=GND Pin=U1-2
Added Pin To Net: NetName=GND Pin=U2-23
Added Pin To Net: NetName=GND Pin=U2-35
Added Pin To Net: NetName=GND Pin=U2-47
Added Pin To Net: NetName=GND Pin=U3-2
Added Pin To Net: NetName=GND Pin=U3-6
Added Pin To Net: NetName=GND Pin=U3-7
Added Pin To Net: NetName=GND Pin=U3-7
Added Pin To Net: NetName=GND Pin=U3-7
Added Pin To Net: NetName=GND Pin=U4-4
Added Pin To Net: NetName=GND Pin=U5-4
Added Pin To Net: NetName=GND Pin=U6-5
Added Pin To Net: NetName=GND Pin=U6-16
Added Pin To Net: NetName=GND Pin=U6-23
Added Pin To Net: NetName=GND Pin=U6-34
Added Pin To Net: NetName=GND Pin=USB1-5
Added Pin To Net: NetName=GND Pin=X2-2
Added Pin To Net: NetName=GND Pin=X2-4
Added Net: Name=GND
Added Pin To Net: NetName=LASER_STATE Pin=PM1-1
Added Pin To Net: NetName=LASER_STATE Pin=R2-1
Added Pin To Net: NetName=LASER_STATE Pin=U6-20
Added Net: Name=LASER_STATE
Added Pin To Net: NetName=M_SIG Pin=J4-3
Added Pin To Net: NetName=M_SIG Pin=R18-1
Added Pin To Net: NetName=M_SIG Pin=U2-11
Added Pin To Net: NetName=M_SIG Pin=U2-12
Added Net: Name=M_SIG
Added Pin To Net: NetName=NetC5_2 Pin=C5-2
Added Pin To Net: NetName=NetC5_2 Pin=U2-7
Added Net: Name=NetC5_2
Added Pin To Net: NetName=NetC6_1 Pin=C6-1
Added Pin To Net: NetName=NetC6_1 Pin=C7-2
Added Pin To Net: NetName=NetC6_1 Pin=L1-2
Added Pin To Net: NetName=NetC6_1 Pin=R6-2
Added Pin To Net: NetName=NetC6_1 Pin=R7-2
Added Net: Name=NetC6_1
Added Pin To Net: NetName=NetC6_2 Pin=C6-2
Added Pin To Net: NetName=NetC6_2 Pin=R7-1
Added Pin To Net: NetName=NetC6_2 Pin=R8-1
Added Pin To Net: NetName=NetC6_2 Pin=U3-3
Added Net: Name=NetC6_2
Added Pin To Net: NetName=NetC9_1 Pin=C9-1
Added Pin To Net: NetName=NetC9_1 Pin=D2-C
Added Pin To Net: NetName=NetC9_1 Pin=PM2-2
Added Pin To Net: NetName=NetC9_1 Pin=U3-4
Added Pin To Net: NetName=NetC9_1 Pin=U3-5
Added Net: Name=NetC9_1
Added Pin To Net: NetName=NetC10_2 Pin=C10-2
Added Pin To Net: NetName=NetC10_2 Pin=P1-C
Added Pin To Net: NetName=NetC10_2 Pin=R10-1
Added Pin To Net: NetName=NetC10_2 Pin=U5-2
Added Net: Name=NetC10_2
Added Pin To Net: NetName=NetC12_2 Pin=C12-2
Added Pin To Net: NetName=NetC12_2 Pin=R11-1
Added Pin To Net: NetName=NetC12_2 Pin=R12-2
Added Pin To Net: NetName=NetC12_2 Pin=U5-6
Added Net: Name=NetC12_2
Added Pin To Net: NetName=NetC13_1 Pin=C13-1
Added Pin To Net: NetName=NetC13_1 Pin=R15-1
Added Pin To Net: NetName=NetC13_1 Pin=R16-2
Added Pin To Net: NetName=NetC13_1 Pin=U5-5
Added Net: Name=NetC13_1
Added Pin To Net: NetName=NetC19_1 Pin=C19-1
Added Pin To Net: NetName=NetC19_1 Pin=C20-1
Added Pin To Net: NetName=NetC19_1 Pin=L2-2
Added Pin To Net: NetName=NetC19_1 Pin=U6-19
Added Pin To Net: NetName=NetC19_1 Pin=U6-31
Added Net: Name=NetC19_1
Added Pin To Net: NetName=NetC21_1 Pin=C21-1
Added Pin To Net: NetName=NetC21_1 Pin=L3-2
Added Pin To Net: NetName=NetC21_1 Pin=L4-2
Added Pin To Net: NetName=NetC21_1 Pin=U6-35
Added Net: Name=NetC21_1
Added Pin To Net: NetName=NetC21_2 Pin=C21-2
Added Pin To Net: NetName=NetC21_2 Pin=L5-2
Added Net: Name=NetC21_2
Added Pin To Net: NetName=NetD1_A Pin=D1-A
Added Pin To Net: NetName=NetD1_A Pin=J4-1
Added Pin To Net: NetName=NetD1_A Pin=NPN1-3
Added Net: Name=NetD1_A
Added Pin To Net: NetName=NetD2_A Pin=D2-A
Added Pin To Net: NetName=NetD2_A Pin=PM2-1
Added Pin To Net: NetName=NetD2_A Pin=R5-1
Added Net: Name=NetD2_A
Added Pin To Net: NetName=NetJ3_1 Pin=J3-1
Added Pin To Net: NetName=NetJ3_1 Pin=U6-38
Added Net: Name=NetJ3_1
Added Pin To Net: NetName=NetL1_1 Pin=L1-1
Added Pin To Net: NetName=NetL1_1 Pin=U3-1
Added Net: Name=NetL1_1
Added Pin To Net: NetName=NetL2_1 Pin=L2-1
Added Pin To Net: NetName=NetL2_1 Pin=U6-21
Added Net: Name=NetL2_1
Added Pin To Net: NetName=NetLaser1_1 Pin=Laser1-1
Added Pin To Net: NetName=NetLaser1_1 Pin=PNP1-3
Added Net: Name=NetLaser1_1
Added Pin To Net: NetName=NetLED1_A Pin=LED1-A
Added Pin To Net: NetName=NetLED1_A Pin=R1-1
Added Net: Name=NetLED1_A
Added Pin To Net: NetName=NetNPN1_1 Pin=NPN1-1
Added Pin To Net: NetName=NetNPN1_1 Pin=R22-1
Added Net: Name=NetNPN1_1
Added Pin To Net: NetName=NetPNP1_1 Pin=PNP1-1
Added Pin To Net: NetName=NetPNP1_1 Pin=R21-1
Added Net: Name=NetPNP1_1
Added Pin To Net: NetName=NetR3_2 Pin=R3-2
Added Pin To Net: NetName=NetR3_2 Pin=U1-5
Added Net: Name=NetR3_2
Added Pin To Net: NetName=NetU6_11 Pin=U6-11
Added Pin To Net: NetName=NetU6_11 Pin=Y1-2
Added Net: Name=NetU6_11
Added Pin To Net: NetName=NetU6_12 Pin=U6-12
Added Pin To Net: NetName=NetU6_12 Pin=Y1-1
Added Net: Name=NetU6_12
Added Pin To Net: NetName=NetU6_29 Pin=U6-29
Added Pin To Net: NetName=NetU6_29 Pin=X2-1
Added Net: Name=NetU6_29
Added Pin To Net: NetName=NetU6_30 Pin=U6-30
Added Pin To Net: NetName=NetU6_30 Pin=X2-3
Added Net: Name=NetU6_30
Added Pin To Net: NetName=NSWCLK Pin=J2-1
Added Pin To Net: NetName=NSWCLK Pin=U2-37
Added Net: Name=NSWCLK
Added Pin To Net: NetName=NSWDIO Pin=J2-3
Added Pin To Net: NetName=NSWDIO Pin=U2-34
Added Net: Name=NSWDIO
Added Pin To Net: NetName=OUT1 Pin=C10-1
Added Pin To Net: NetName=OUT1 Pin=C13-2
Added Pin To Net: NetName=OUT1 Pin=R10-2
Added Pin To Net: NetName=OUT1 Pin=U2-14
Added Pin To Net: NetName=OUT1 Pin=U5-1
Added Net: Name=OUT1
Added Pin To Net: NetName=OUT2 Pin=C12-1
Added Pin To Net: NetName=OUT2 Pin=R11-2
Added Pin To Net: NetName=OUT2 Pin=U2-13
Added Pin To Net: NetName=OUT2 Pin=U5-7
Added Net: Name=OUT2
Added Pin To Net: NetName=P_3.3V Pin=C8-2
Added Pin To Net: NetName=P_3.3V Pin=C11-2
Added Pin To Net: NetName=P_3.3V Pin=J5-4
Added Pin To Net: NetName=P_3.3V Pin=PM1-2
Added Pin To Net: NetName=P_3.3V Pin=R2-2
Added Pin To Net: NetName=P_3.3V Pin=R6-1
Added Pin To Net: NetName=P_3.3V Pin=U4-3
Added Pin To Net: NetName=P_3.3V Pin=U4-7
Added Pin To Net: NetName=P_3.3V Pin=U4-8
Added Pin To Net: NetName=P_3.3V Pin=U6-14
Added Pin To Net: NetName=P_3.3V Pin=U6-15
Added Net: Name=P_3.3V
Added Pin To Net: NetName=P_C3.3V Pin=BF1-2
Added Pin To Net: NetName=P_C3.3V Pin=C3-2
Added Pin To Net: NetName=P_C3.3V Pin=C4-2
Added Pin To Net: NetName=P_C3.3V Pin=C15-1
Added Pin To Net: NetName=P_C3.3V Pin=C18-A
Added Pin To Net: NetName=P_C3.3V Pin=D1-C
Added Pin To Net: NetName=P_C3.3V Pin=J2-4
Added Pin To Net: NetName=P_C3.3V Pin=J4-2
Added Pin To Net: NetName=P_C3.3V Pin=PM1-3
Added Pin To Net: NetName=P_C3.3V Pin=PNP1-2
Added Pin To Net: NetName=P_C3.3V Pin=R15-2
Added Pin To Net: NetName=P_C3.3V Pin=R18-2
Added Pin To Net: NetName=P_C3.3V Pin=U2-1
Added Pin To Net: NetName=P_C3.3V Pin=U2-24
Added Pin To Net: NetName=P_C3.3V Pin=U2-36
Added Pin To Net: NetName=P_C3.3V Pin=U2-48
Added Pin To Net: NetName=P_C3.3V Pin=U5-8
Added Net: Name=P_C3.3V
Added Pin To Net: NetName=SW_WAKEUP Pin=C16-2
Added Pin To Net: NetName=SW_WAKEUP Pin=S1-2
Added Pin To Net: NetName=SW_WAKEUP Pin=U6-28
Added Net: Name=SW_WAKEUP
Added Pin To Net: NetName=SWCLK Pin=J5-1
Added Pin To Net: NetName=SWCLK Pin=U6-26
Added Net: Name=SWCLK
Added Pin To Net: NetName=SWDIO Pin=J5-3
Added Pin To Net: NetName=SWDIO Pin=U6-25
Added Net: Name=SWDIO
Added Pin To Net: NetName=V0.58 Pin=P1-A
Added Pin To Net: NetName=V0.58 Pin=U5-3
Added Net: Name=V0.58
Added Pin To Net: NetName=VBAT Pin=J1-1
Added Pin To Net: NetName=VBAT Pin=PM2-3
Added Pin To Net: NetName=VBAT Pin=U1-3
Added Net: Name=VBAT
Added Pin To Net: NetName=VDDA Pin=BF1-1
Added Pin To Net: NetName=VDDA Pin=C1-2
Added Pin To Net: NetName=VDDA Pin=C2-2
Added Pin To Net: NetName=VDDA Pin=U2-9
Added Net: Name=VDDA
Added Class: Name=KRing
