Change Component Comment: Designator=C10 Old Comment=0.15uf New Comment=6.8pF
Change Component Comment: Designator=C15 Old Comment=1uf New Comment=10uf
Change Component Comment: Designator=C17 Old Comment=1uf New Comment=10uf
Change Component Comment: Designator=C18 Old Comment=1uf New Comment=10uf
Change Component Comment: Designator=C11 Old Comment=6.8pF New Comment=1uf
Change Component Comment: Designator=C15 Old Comment=10uf New Comment=1uf
Change Component Comment: Designator=C16 Old Comment=10uf New Comment=1uf
Change Component Designator: OldDesignator=C10 NewDesignator=C11
Change Component Designator: OldDesignator=C11 NewDesignator=C12
Change Component Designator: OldDesignator=C15 NewDesignator=C16
Change Component Designator: OldDesignator=C16 NewDesignator=C17
Change Component Designator: OldDesignator=C16 NewDesignator=C18
Change Component Designator: OldDesignator=C17 NewDesignator=C19
Change Component Designator: OldDesignator=C18 NewDesignator=C2
Change Component Designator: OldDesignator=J13 NewDesignator=J12
Add Pin To Net: Pin=J12-1 Old Net=NetJ13_1 New Net=SWCLK
Add Pin To Net: Pin=J12-3 Old Net=NetJ13_3 New Net=SWDIO
Change Pin Designator/Name:  Old Designator=C12-1 Old Name=1 New Designator =1 New Name=1
Change Pin Designator/Name:  Old Designator=C12-2 Old Name=2 New Designator =2 New Name=2
Change Pin Designator/Name:  Old Designator=C16-1 Old Name=1 New Designator =1 New Name=1
Change Pin Designator/Name:  Old Designator=C16-2 Old Name=2 New Designator =2 New Name=2
Change Pin Designator/Name:  Old Designator=C18-1 Old Name=1 New Designator =1 New Name=1
Change Pin Designator/Name:  Old Designator=C17-2 Old Name=2 New Designator =2 New Name=2
