Removed Pin From Net: NetName=P_C3.3V Pin=C1-1
Removed Pin From Net: NetName=GND Pin=C1-2
Removed Pin From Net: NetName=P_C3.3V Pin=C2-2
Removed Pin From Net: NetName=GND Pin=C3-1
Removed Pin From Net: NetName=P_C3.3V Pin=C3-2
Removed Pin From Net: NetName=GND Pin=C4-1
Removed Pin From Net: NetName=NetC5_2 Pin=C4-2
Removed Pin From Net: NetName=AGND Pin=C5-1
Removed Pin From Net: NetName=VDDA Pin=C5-2
Removed Pin From Net: NetName=GND Pin=C7-1
Removed Pin From Net: NetName=P_C3.3V Pin=C7-2
Removed Pin From Net: NetName=P_3.3V Pin=C9-2
Removed Pin From Net: NetName=OUT1 Pin=C11-1
Removed Pin From Net: NetName=NetC10_2 Pin=C11-2
Removed Pin From Net: NetName=V0.58 Pin=C12-1
Removed Pin From Net: NetName=GND Pin=C13-1
Removed Pin From Net: NetName=P_3.3V Pin=C13-2
Removed Pin From Net: NetName=P_3.3V Pin=C14-2
Removed Pin From Net: NetName=GND Pin=C15-1
Removed Pin From Net: NetName=NetC6_1 Pin=C15-2
Removed Pin From Net: NetName=NetC19_1 Pin=C16-1
Removed Pin From Net: NetName=GND Pin=C16-2
Removed Pin From Net: NetName=NetC21_1 Pin=C17-1
Removed Pin From Net: NetName=NetC21_2 Pin=C17-2
Removed Pin From Net: NetName=GND Pin=C18-1
Removed Pin From Net: NetName=EVCC Pin=C18-2
Removed Pin From Net: NetName=NetC14_1 Pin=C19-1
Removed Pin From Net: NetName=GND Pin=C19-2
Removed Pin From Net: NetName=NetC19_1 Pin=C20-1
Removed Pin From Net: NetName=GND Pin=C20-2
Removed Pin From Net: NetName=NSWCLK Pin=J10-1
Removed Pin From Net: NetName=NSWDIO Pin=J10-3
Removed Pin From Net: NetName=P_C3.3V Pin=J10-4
Removed Pin From Net: NetName=SWCLK Pin=J12-1
Removed Pin From Net: NetName=SWDIO Pin=J12-3
Removed Pin From Net: NetName=P_3.3V Pin=J12-4
Removed Pin From Net: NetName=NetC21_2 Pin=L2-2
Removed Pin From Net: NetName=NetC21_1 Pin=L3-2
Removed Pin From Net: NetName=NetNPN1_1 Pin=R4-1
Removed Pin From Net: NetName=C_MOTOR Pin=R4-2
Removed Pin From Net: NetName=GND Pin=R12-1
Removed Pin From Net: NetName=V0.58 Pin=R12-2
Removed Pin From Net: NetName=NetJ3_1 Pin=U4-38
Removed Pin From Net: NetName=GND Pin=U4-41
Change Component Designator: OldDesignator=C1 NewDesignator=C9
Change Component Designator: OldDesignator=C2 NewDesignator=C18
Change Component Designator: OldDesignator=C4 NewDesignator=C1
Change Component Designator: OldDesignator=C7 NewDesignator=C11
Change Component Designator: OldDesignator=C8 NewDesignator=C13
Change Component Designator: OldDesignator=C9 NewDesignator=C19
Change Component Designator: OldDesignator=C10 NewDesignator=C14
Change Component Designator: OldDesignator=C11 NewDesignator=C10
Change Component Designator: OldDesignator=C12 NewDesignator=C8
Change Component Designator: OldDesignator=C13 NewDesignator=C17
Change Component Designator: OldDesignator=C14 NewDesignator=C15
Change Component Designator: OldDesignator=C15 NewDesignator=C22
Change Component Designator: OldDesignator=C16 NewDesignator=C4
Change Component Designator: OldDesignator=C17 NewDesignator=C20
Change Component Designator: OldDesignator=C18 NewDesignator=C21
Change Component Designator: OldDesignator=C19 NewDesignator=C12
Change Component Designator: OldDesignator=C20 NewDesignator=C2
Change Component Designator: OldDesignator=C21 NewDesignator=C7
Change Component Designator: OldDesignator=C22 NewDesignator=C23
Change Component Designator: OldDesignator=D1 NewDesignator=D2
Change Component Designator: OldDesignator=D2 NewDesignator=D1
Change Component Designator: OldDesignator=J1 NewDesignator=J4
Change Component Designator: OldDesignator=J2 NewDesignator=J5
Change Component Designator: OldDesignator=J3 NewDesignator=J9
Change Component Designator: OldDesignator=J4 NewDesignator=J6
Change Component Designator: OldDesignator=J5 NewDesignator=J12
Change Component Designator: OldDesignator=J6 NewDesignator=J8
Change Component Designator: OldDesignator=J7 NewDesignator=J10
Change Component Designator: OldDesignator=J8 NewDesignator=J11
Change Component Designator: OldDesignator=J9 NewDesignator=J7
Change Component Designator: OldDesignator=J10 NewDesignator=J13
Change Component Designator: OldDesignator=J11 NewDesignator=J3
Change Component Designator: OldDesignator=J12 NewDesignator=J2
Change Component Designator: OldDesignator=J13 NewDesignator=J1
Change Component Designator: OldDesignator=L2 NewDesignator=L3
Change Component Designator: OldDesignator=L3 NewDesignator=L4
Change Component Designator: OldDesignator=L4 NewDesignator=L2
Change Component Designator: OldDesignator=R1 NewDesignator=R17
Change Component Designator: OldDesignator=R2 NewDesignator=R15
Change Component Designator: OldDesignator=R4 NewDesignator=R13
Change Component Designator: OldDesignator=R5 NewDesignator=R12
Change Component Designator: OldDesignator=R6 NewDesignator=R9
Change Component Designator: OldDesignator=R7 NewDesignator=R1
Change Component Designator: OldDesignator=R8 NewDesignator=R10
Change Component Designator: OldDesignator=R9 NewDesignator=R14
Change Component Designator: OldDesignator=R10 NewDesignator=R8
Change Component Designator: OldDesignator=R12 NewDesignator=R18
Change Component Designator: OldDesignator=R13 NewDesignator=R5
Change Component Designator: OldDesignator=R14 NewDesignator=R2
Change Component Designator: OldDesignator=R15 NewDesignator=R4
Change Component Designator: OldDesignator=R16 NewDesignator=R6
Change Component Designator: OldDesignator=R17 NewDesignator=R7
Change Component Designator: OldDesignator=U1 NewDesignator=U2
Change Component Designator: OldDesignator=U2 NewDesignator=U4
Change Component Designator: OldDesignator=U3 NewDesignator=U5
Change Component Designator: OldDesignator=U4 NewDesignator=U6
Change Component Designator: OldDesignator=U5 NewDesignator=U1
Change Component Designator: OldDesignator=U6 NewDesignator=U3
Added Component: Designator=C16(C0603)
Added Component: Designator=R16(R0603)
Added Component: Designator=SW1(SW_MINI2)
Added Pin To Net: NetName=EVCC Pin=C1-2
Added Pin To Net: NetName=GND Pin=C1-2
Added Pin To Net: NetName=GND Pin=C2-1
Added Pin To Net: NetName=NetC5_2 Pin=C2-2
Added Pin To Net: NetName=AGND Pin=C3-1
Added Pin To Net: NetName=VDDA Pin=C3-2
Added Pin To Net: NetName=GND Pin=C4-1
Added Pin To Net: NetName=P_C3.3V Pin=C4-2
Added Pin To Net: NetName=GND Pin=C5-1
Added Pin To Net: NetName=P_C3.3V Pin=C5-2
Added Pin To Net: NetName=NetC6_1 Pin=C8-2
Added Pin To Net: NetName=GND Pin=C9-1
Added Pin To Net: NetName=P_3.3V Pin=C9-2
Added Pin To Net: NetName=NetC14_1 Pin=C10-1
Added Pin To Net: NetName=GND Pin=C10-2
Added Pin To Net: NetName=OUT1 Pin=C11-1
Added Pin To Net: NetName=NetC10_2 Pin=C11-2
Added Pin To Net: NetName=GND Pin=C12-1
Added Pin To Net: NetName=P_3.3V Pin=C12-2
Added Pin To Net: NetName=V0.58 Pin=C15-1
Added Pin To Net: NetName=GND Pin=C16-1
Added Pin To Net: NetName=P_3.3V Pin=C16-2
Added Pin To Net: NetName=P_C3.3V Pin=C17-1
Added Pin To Net: NetName=GND Pin=C17-2
Added Pin To Net: NetName=P_3.3V Pin=C18-2
Added Pin To Net: NetName=P_C3.3V Pin=C19-2
Added Pin To Net: NetName=GND Pin=C20-1
Added Pin To Net: NetName=NetC19_1 Pin=C20-1
Added Pin To Net: NetName=NetC19_1 Pin=C21-1
Added Pin To Net: NetName=GND Pin=C21-2
Added Pin To Net: NetName=NetC21_1 Pin=C22-1
Added Pin To Net: NetName=NetC21_2 Pin=C22-2
Added Pin To Net: NetName=NSWCLK Pin=J2-1
Added Pin To Net: NetName=NSWDIO Pin=J2-3
Added Pin To Net: NetName=P_C3.3V Pin=J2-4
Added Pin To Net: NetName=SWCLK Pin=J13-1
Added Pin To Net: NetName=SWDIO Pin=J13-3
Added Pin To Net: NetName=P_3.3V Pin=J13-4
Added Pin To Net: NetName=NetC21_1 Pin=L3-2
Added Pin To Net: NetName=NetC21_2 Pin=L4-2
Added Pin To Net: NetName=GND Pin=R13-1
Added Pin To Net: NetName=V0.58 Pin=R13-2
Added Pin To Net: NetName=NetJ3_1 Pin=R16-1
Added Pin To Net: NetName=NetNPN1_1 Pin=R18-1
Added Pin To Net: NetName=C_MOTOR Pin=R18-2
Added Pin To Net: NetName=NetJ3_1 Pin=SW1-1
Added Pin To Net: NetName=NetJ3_1 Pin=SW1-2
Added Pin To Net: NetName=P_3.3V Pin=SW1-3
Added Pin To Net: NetName=P_3.3V Pin=SW1-4
Added Pin To Net: NetName=NetJ3_1 Pin=U6-17
Change Net Name : Old Net Name=NetC5_2 New Net Name=NetC2_2
Change Net Name : Old Net Name=NetC6_1 New Net Name=NetC7_1
Change Net Name : Old Net Name=NetC6_2 New Net Name=NetC7_2
Change Net Name : Old Net Name=NetC10_2 New Net Name=NetC11_2
Change Net Name : Old Net Name=NetC12_2 New Net Name=NetC13_2
Change Net Name : Old Net Name=NetC13_1 New Net Name=NetC14_1
Change Net Name : Old Net Name=NetC14_1 New Net Name=NetC10_1
Change Net Name : Old Net Name=NetC19_1 New Net Name=NetC20_1
Change Net Name : Old Net Name=NetC21_1 New Net Name=NetC22_1
Change Net Name : Old Net Name=NetC21_2 New Net Name=NetC22_2
Change Net Name : Old Net Name=NetD1_A New Net Name=NetD2_A
Change Net Name : Old Net Name=NetJ3_1 New Net Name=NetR16_1
Change Net Name : Old Net Name=NetR3_2 New Net Name=NetR2_2
Added Member To Class: ClassName=KRing Member=Component C3 1uf
Added Member To Class: ClassName=KRing Member=Component C6 0.1uf
Added Member To Class: ClassName=KRing Member=Component C9 1uf
Added Member To Class: ClassName=KRing Member=Component C16 1uf
Added Member To Class: ClassName=KRing Member=Component C18 10uf
Added Member To Class: ClassName=KRing Member=Component C19 10uf
Added Member To Class: ClassName=KRing Member=Component C20 1uf
Added Member To Class: ClassName=KRing Member=Component C23 10uf
Added Member To Class: ClassName=KRing Member=Component J5 CON1
Added Member To Class: ClassName=KRing Member=Component J11 CON1
Added Member To Class: ClassName=KRing Member=Component J13 CON4
Added Member To Class: ClassName=KRing Member=Component L3 NC
Added Member To Class: ClassName=KRing Member=Component L4 NC
Added Member To Class: ClassName=KRing Member=Component R2 20K
Added Member To Class: ClassName=KRing Member=Component R7 27K
Added Member To Class: ClassName=KRing Member=Component R13 1K
Added Member To Class: ClassName=KRing Member=Component R14 510
Added Member To Class: ClassName=KRing Member=Component R15 10K
Added Member To Class: ClassName=KRing Member=Component R17 1K
Added Member To Class: ClassName=KRing Member=Component R18 1K
Added Member To Class: ClassName=KRing Member=Component SW1 SW_MINI2
Added Room: Name=KRing
