Removed Pin From Net: NetName=P_C3.3V Pin=C1-1
Removed Pin From Net: NetName=OUT1 Pin=C11-1
Removed Pin From Net: NetName=NetC10_2 Pin=C11-2
Removed Pin From Net: NetName=V0.58 Pin=C12-1
Removed Pin From Net: NetName=GND Pin=C12-2
Removed Pin From Net: NetName=GND Pin=C15-1
Removed Pin From Net: NetName=NetC6_1 Pin=C15-2
Removed Pin From Net: NetName=NetC19_1 Pin=C16-1
Removed Pin From Net: NetName=GND Pin=C16-2
Removed Pin From Net: NetName=GND Pin=C18-1
Removed Pin From Net: NetName=EVCC Pin=C18-2
Removed Pin From Net: NetName=NetC14_1 Pin=C19-1
Removed Pin From Net: NetName=GND Pin=C19-2
Removed Pin From Net: NetName=GND Pin=U4-41
Added Pin To Net: NetName=EVCC Pin=C1-2
Added Pin To Net: NetName=NetC14_1 Pin=C11-1
Added Pin To Net: NetName=GND Pin=C11-2
Added Pin To Net: NetName=OUT1 Pin=C12-1
Added Pin To Net: NetName=NetC10_2 Pin=C12-2
Added Pin To Net: NetName=V0.58 Pin=C15-1
Added Pin To Net: NetName=GND Pin=C15-2
Added Pin To Net: NetName=GND Pin=C16-1
Added Pin To Net: NetName=NetC6_1 Pin=C16-2
Added Pin To Net: NetName=P_C3.3V Pin=C17-1
Added Pin To Net: NetName=GND Pin=C17-2
Added Pin To Net: NetName=NetC19_1 Pin=C18-1
Added Pin To Net: NetName=GND Pin=C18-2
Change Net Name : Old Net Name=NetC5_2 New Net Name=NetC4_2
Change Net Name : Old Net Name=NetC6_1 New Net Name=NetC16_2
Change Net Name : Old Net Name=NetC6_2 New Net Name=NetC21_2
Change Net Name : Old Net Name=NetC10_2 New Net Name=NetC12_2
Change Net Name : Old Net Name=NetC12_2 New Net Name=NetC8_2
Change Net Name : Old Net Name=NetC13_1 New Net Name=NetC10_1
Change Net Name : Old Net Name=NetC14_1 New Net Name=NetC11_1
Change Net Name : Old Net Name=NetC19_1 New Net Name=NetC18_1
Change Net Name : Old Net Name=NetL2_1 New Net Name=NetL4_1
Change Net Name : Old Net Name=NetR3_2 New Net Name=NetR14_2
Change Net Name : Old Net Name=NetU6_11 New Net Name=NetU4_11
Change Net Name : Old Net Name=NetU6_12 New Net Name=NetU4_12
Change Net Name : Old Net Name=NetU6_29 New Net Name=NetU4_29
Change Net Name : Old Net Name=NetU6_30 New Net Name=NetU4_30
Added Pin To Net: NetName=NetC19_1 Pin=C19-1
Added Pin To Net: NetName=NetC19_1 Pin=L3-2
Added Pin To Net: NetName=NetC19_1 Pin=U4-35
Added Net: Name=NetC19_1
Added Pin To Net: NetName=NetC19_2 Pin=C19-2
Added Pin To Net: NetName=NetC19_2 Pin=L2-2
Added Net: Name=NetC19_2
Added Member To Class: ClassName=KRing Member=Component C3 1uf
Added Member To Class: ClassName=KRing Member=Component C6 0.1uf
Added Member To Class: ClassName=KRing Member=Component C9 10uf
Added Member To Class: ClassName=KRing Member=Component C12 1uf
Added Member To Class: ClassName=KRing Member=Component C16 1uf
Added Member To Class: ClassName=KRing Member=Component C18 1uf
Added Member To Class: ClassName=KRing Member=Component C20 1uf
Added Member To Class: ClassName=KRing Member=Component J5 CON1
Added Member To Class: ClassName=KRing Member=Component J13 CON2
Added Member To Class: ClassName=KRing Member=Component R2 10K
Added Member To Class: ClassName=KRing Member=Component R4 1K
Added Room: Name=KRing
